build/app/intermediates/manifest_merge_blame_file/release/manifest-merger-blame-release-report.txt
1<?xml version="1.0" encoding="utf-8"?>
2<manifest xmlns:android="http://schemas.android.com/apk/res/android"
3    package="com.keerthan.contacttracingprototype"
4    android:versionCode="4001"
5    android:versionName="1.0.0" >
6
7    <uses-sdk
8        android:minSdkVersion="21"
8-->src/main/AndroidManifest.xml
9        android:targetSdkVersion="28" />
9-->src/main/AndroidManifest.xml
10    <!--
11         io.flutter.app.FlutterApplication is an android.app.Application that
12         calls FlutterMain.startInitialization(this); in its onCreate method.
13         In most cases you can leave this as-is, but you if you want to provide
14         additional functionality it is fine to subclass or reimplement
15         FlutterApplication and put your custom class here.
16    -->
17    <!-- Required for Nearby Connections -->
18    <uses-permission android:name="android.permission.BLUETOOTH" />
18-->src/main/AndroidManifest.xml:9:5-68
18-->src/main/AndroidManifest.xml:9:22-65
19    <uses-permission android:name="android.permission.BLUETOOTH_ADMIN" />
19-->src/main/AndroidManifest.xml:10:5-74
19-->src/main/AndroidManifest.xml:10:22-71
20    <uses-permission android:name="android.permission.ACCESS_WIFI_STATE" />
20-->src/main/AndroidManifest.xml:11:5-76
20-->src/main/AndroidManifest.xml:11:22-73
21    <uses-permission android:name="android.permission.CHANGE_WIFI_STATE" />
21-->src/main/AndroidManifest.xml:12:5-76
21-->src/main/AndroidManifest.xml:12:22-73
22    <uses-permission android:name="android.permission.ACCESS_COARSE_LOCATION" />
22-->src/main/AndroidManifest.xml:13:5-81
22-->src/main/AndroidManifest.xml:13:22-78
23    <uses-permission android:name="android.permission.ACCESS_FINE_LOCATION" />
23-->src/main/AndroidManifest.xml:14:5-79
23-->src/main/AndroidManifest.xml:14:22-76
24    <uses-permission android:name="android.permission.INTERNET" />
24-->src/main/AndroidManifest.xml:15:5-67
24-->src/main/AndroidManifest.xml:15:22-64
25
26    <!-- Optional: only required for FILE payloads -->
27    <uses-permission android:name="android.permission.READ_EXTERNAL_STORAGE" />
27-->src/main/AndroidManifest.xml:18:5-79
27-->src/main/AndroidManifest.xml:18:22-77
28    <uses-permission android:name="android.permission.WRITE_EXTERNAL_STORAGE" />
28-->src/main/AndroidManifest.xml:19:5-80
28-->src/main/AndroidManifest.xml:19:22-78
29    <uses-permission android:name="android.permission.ACCESS_NETWORK_STATE" />
29-->[com.google.firebase:firebase-auth:21.0.1] AndroidManifest.xml:24:5-79
29-->[com.google.firebase:firebase-auth:21.0.1] AndroidManifest.xml:24:22-76
30    <uses-permission android:name="android.permission.WAKE_LOCK" />
30-->[com.google.android.gms:play-services-measurement-api:19.0.0] AndroidManifest.xml:24:5-68
30-->[com.google.android.gms:play-services-measurement-api:19.0.0] AndroidManifest.xml:24:22-65
31    <uses-permission android:name="com.google.android.finsky.permission.BIND_GET_INSTALL_REFERRER_SERVICE" />
31-->[com.google.android.gms:play-services-measurement:19.0.0] AndroidManifest.xml:26:5-110
31-->[com.google.android.gms:play-services-measurement:19.0.0] AndroidManifest.xml:26:22-107
32
33    <application
33-->src/main/AndroidManifest.xml:20:5-58:19
34        android:name="io.flutter.app.FlutterApplication"
34-->src/main/AndroidManifest.xml:21:9-57
35        android:appComponentFactory="androidx.core.app.CoreComponentFactory"
35-->[androidx.core:core:1.3.2] AndroidManifest.xml:24:18-86
36        android:icon="@mipmap/ic_launcher"
36-->src/main/AndroidManifest.xml:23:9-43
37        android:label="contacttracingprototype" >
37-->src/main/AndroidManifest.xml:22:9-48
38        <activity
38-->src/main/AndroidManifest.xml:24:9-52:20
39            android:name="com.tapsecure.contacttracingprototype.MainActivity"
39-->src/main/AndroidManifest.xml:25:13-41
40            android:configChanges="orientation|keyboardHidden|keyboard|screenSize|smallestScreenSize|locale|layoutDirection|fontScale|screenLayout|density|uiMode"
40-->src/main/AndroidManifest.xml:28:13-163
41            android:hardwareAccelerated="true"
41-->src/main/AndroidManifest.xml:29:13-47
42            android:launchMode="singleTop"
42-->src/main/AndroidManifest.xml:26:13-43
43            android:theme="@style/LaunchTheme"
43-->src/main/AndroidManifest.xml:27:13-47
44            android:windowSoftInputMode="adjustResize" >
44-->src/main/AndroidManifest.xml:30:13-55
45
46            <!--
47                 Specifies an Android theme to apply to this Activity as soon as
48                 the Android process has started. This theme is visible to the user
49                 while the Flutter UI initializes. After that, this theme continues
50                 to determine the Window background behind the Flutter UI.
51            -->
52            <meta-data
52-->src/main/AndroidManifest.xml:35:13-38:17
53                android:name="io.flutter.embedding.android.NormalTheme"
53-->src/main/AndroidManifest.xml:36:15-70
54                android:resource="@style/NormalTheme" />
54-->src/main/AndroidManifest.xml:37:15-52
55            <!--
56                 Displays an Android View that continues showing the launch screen
57                 Drawable until Flutter paints its first frame, then this splash
58                 screen fades out. A splash screen is useful to avoid any visual
59                 gap between the end of Android's launch screen and the painting of
60                 Flutter's first frame.
61            -->
62            <meta-data
62-->src/main/AndroidManifest.xml:44:13-47:17
63                android:name="io.flutter.embedding.android.SplashScreenDrawable"
63-->src/main/AndroidManifest.xml:45:15-79
64                android:resource="@drawable/launch_background" />
64-->src/main/AndroidManifest.xml:46:15-61
65
66            <intent-filter>
66-->src/main/AndroidManifest.xml:48:13-51:29
67                <action android:name="android.intent.action.MAIN" />
67-->src/main/AndroidManifest.xml:49:17-68
67-->src/main/AndroidManifest.xml:49:25-66
68
69                <category android:name="android.intent.category.LAUNCHER" />
69-->src/main/AndroidManifest.xml:50:17-76
69-->src/main/AndroidManifest.xml:50:27-74
70            </intent-filter>
71        </activity>
72        <!--
73             Don't delete the meta-data below.
74             This is used by the Flutter tool to generate GeneratedPluginRegistrant.java
75        -->
76        <meta-data
76-->src/main/AndroidManifest.xml:55:9-57:33
77            android:name="flutterEmbedding"
77-->src/main/AndroidManifest.xml:56:13-44
78            android:value="2" />
78-->src/main/AndroidManifest.xml:57:13-30
79
80        <service
80-->[:firebase_auth] AndroidManifest.xml:8:9-12:19
81            android:name="com.google.firebase.components.ComponentDiscoveryService"
81-->[:firebase_auth] AndroidManifest.xml:8:18-89
82            android:directBootAware="true"
82-->[com.google.firebase:firebase-common:20.0.0] AndroidManifest.xml:35:13-43
83            android:exported="false" >
83-->[com.google.firebase:firebase-auth:21.0.1] AndroidManifest.xml:76:13-37
84            <meta-data
84-->[:firebase_auth] AndroidManifest.xml:9:13-11:85
85                android:name="com.google.firebase.components:io.flutter.plugins.firebase.auth.FlutterFirebaseAuthRegistrar"
85-->[:firebase_auth] AndroidManifest.xml:10:17-124
86                android:value="com.google.firebase.components.ComponentRegistrar" />
86-->[:firebase_auth] AndroidManifest.xml:11:17-82
87            <meta-data
87-->[:cloud_firestore] AndroidManifest.xml:9:13-11:85
88                android:name="com.google.firebase.components:io.flutter.plugins.firebase.firestore.FlutterFirebaseFirestoreRegistrar"
88-->[:cloud_firestore] AndroidManifest.xml:10:17-134
89                android:value="com.google.firebase.components.ComponentRegistrar" />
89-->[:cloud_firestore] AndroidManifest.xml:11:17-82
90            <meta-data
90-->[:firebase_core] AndroidManifest.xml:9:13-11:85
91                android:name="com.google.firebase.components:io.flutter.plugins.firebase.core.FlutterFirebaseCoreRegistrar"
91-->[:firebase_core] AndroidManifest.xml:10:17-124
92                android:value="com.google.firebase.components.ComponentRegistrar" />
92-->[:firebase_core] AndroidManifest.xml:11:17-82
93            <meta-data
93-->[com.google.firebase:firebase-auth:21.0.1] AndroidManifest.xml:77:13-79:85
94                android:name="com.google.firebase.components:com.google.firebase.auth.FirebaseAuthRegistrar"
94-->[com.google.firebase:firebase-auth:21.0.1] AndroidManifest.xml:78:17-109
95                android:value="com.google.firebase.components.ComponentRegistrar" />
95-->[com.google.firebase:firebase-auth:21.0.1] AndroidManifest.xml:79:17-82
96            <meta-data
96-->[com.google.firebase:firebase-firestore:23.0.1] AndroidManifest.xml:20:13-22:85
97                android:name="com.google.firebase.components:com.google.firebase.firestore.FirestoreRegistrar"
97-->[com.google.firebase:firebase-firestore:23.0.1] AndroidManifest.xml:21:17-111
98                android:value="com.google.firebase.components.ComponentRegistrar" />
98-->[com.google.firebase:firebase-firestore:23.0.1] AndroidManifest.xml:22:17-82
99            <meta-data
99-->[com.google.android.gms:play-services-measurement-api:19.0.0] AndroidManifest.xml:30:13-32:85
100                android:name="com.google.firebase.components:com.google.firebase.analytics.connector.internal.AnalyticsConnectorRegistrar"
100-->[com.google.android.gms:play-services-measurement-api:19.0.0] AndroidManifest.xml:31:17-139
101                android:value="com.google.firebase.components.ComponentRegistrar" />
101-->[com.google.android.gms:play-services-measurement-api:19.0.0] AndroidManifest.xml:32:17-82
102            <meta-data
102-->[com.google.firebase:firebase-installations:17.0.0] AndroidManifest.xml:18:13-20:85
103                android:name="com.google.firebase.components:com.google.firebase.installations.FirebaseInstallationsRegistrar"
103-->[com.google.firebase:firebase-installations:17.0.0] AndroidManifest.xml:19:17-127
104                android:value="com.google.firebase.components.ComponentRegistrar" />
104-->[com.google.firebase:firebase-installations:17.0.0] AndroidManifest.xml:20:17-82
105        </service>
106        <service
106-->[:location] AndroidManifest.xml:11:9-15:56
107            android:name="com.lyokone.location.FlutterLocationService"
107-->[:location] AndroidManifest.xml:12:13-71
108            android:enabled="true"
108-->[:location] AndroidManifest.xml:13:13-35
109            android:exported="false"
109-->[:location] AndroidManifest.xml:14:13-37
110            android:foregroundServiceType="location" />
110-->[:location] AndroidManifest.xml:15:13-53
111
112        <activity
112-->[com.google.firebase:firebase-auth:21.0.1] AndroidManifest.xml:27:9-44:20
113            android:name="com.google.firebase.auth.internal.GenericIdpActivity"
113-->[com.google.firebase:firebase-auth:21.0.1] AndroidManifest.xml:28:13-80
114            android:excludeFromRecents="true"
114-->[com.google.firebase:firebase-auth:21.0.1] AndroidManifest.xml:29:13-46
115            android:exported="true"
115-->[com.google.firebase:firebase-auth:21.0.1] AndroidManifest.xml:30:13-36
116            android:launchMode="singleTask"
116-->[com.google.firebase:firebase-auth:21.0.1] AndroidManifest.xml:31:13-44
117            android:theme="@android:style/Theme.Translucent.NoTitleBar" >
117-->[com.google.firebase:firebase-auth:21.0.1] AndroidManifest.xml:32:13-72
118            <intent-filter>
118-->[com.google.firebase:firebase-auth:21.0.1] AndroidManifest.xml:33:13-43:29
119                <action android:name="android.intent.action.VIEW" />
119-->[com.google.firebase:firebase-auth:21.0.1] AndroidManifest.xml:34:17-69
119-->[com.google.firebase:firebase-auth:21.0.1] AndroidManifest.xml:34:25-66
120
121                <category android:name="android.intent.category.DEFAULT" />
121-->[com.google.firebase:firebase-auth:21.0.1] AndroidManifest.xml:36:17-76
121-->[com.google.firebase:firebase-auth:21.0.1] AndroidManifest.xml:36:27-73
122                <category android:name="android.intent.category.BROWSABLE" />
122-->[com.google.firebase:firebase-auth:21.0.1] AndroidManifest.xml:37:17-78
122-->[com.google.firebase:firebase-auth:21.0.1] AndroidManifest.xml:37:27-75
123
124                <data
124-->[com.google.firebase:firebase-auth:21.0.1] AndroidManifest.xml:39:17-42:51
125                    android:host="firebase.auth"
125-->[com.google.firebase:firebase-auth:21.0.1] AndroidManifest.xml:40:21-49
126                    android:path="/"
126-->[com.google.firebase:firebase-auth:21.0.1] AndroidManifest.xml:41:21-37
127                    android:scheme="genericidp" />
127-->[com.google.firebase:firebase-auth:21.0.1] AndroidManifest.xml:42:21-48
128            </intent-filter>
129        </activity>
130        <activity
130-->[com.google.firebase:firebase-auth:21.0.1] AndroidManifest.xml:45:9-62:20
131            android:name="com.google.firebase.auth.internal.RecaptchaActivity"
131-->[com.google.firebase:firebase-auth:21.0.1] AndroidManifest.xml:46:13-79
132            android:excludeFromRecents="true"
132-->[com.google.firebase:firebase-auth:21.0.1] AndroidManifest.xml:47:13-46
133            android:exported="true"
133-->[com.google.firebase:firebase-auth:21.0.1] AndroidManifest.xml:48:13-36
134            android:launchMode="singleTask"
134-->[com.google.firebase:firebase-auth:21.0.1] AndroidManifest.xml:49:13-44
135            android:theme="@android:style/Theme.Translucent.NoTitleBar" >
135-->[com.google.firebase:firebase-auth:21.0.1] AndroidManifest.xml:50:13-72
136            <intent-filter>
136-->[com.google.firebase:firebase-auth:21.0.1] AndroidManifest.xml:51:13-61:29
137                <action android:name="android.intent.action.VIEW" />
137-->[com.google.firebase:firebase-auth:21.0.1] AndroidManifest.xml:34:17-69
137-->[com.google.firebase:firebase-auth:21.0.1] AndroidManifest.xml:34:25-66
138
139                <category android:name="android.intent.category.DEFAULT" />
139-->[com.google.firebase:firebase-auth:21.0.1] AndroidManifest.xml:36:17-76
139-->[com.google.firebase:firebase-auth:21.0.1] AndroidManifest.xml:36:27-73
140                <category android:name="android.intent.category.BROWSABLE" />
140-->[com.google.firebase:firebase-auth:21.0.1] AndroidManifest.xml:37:17-78
140-->[com.google.firebase:firebase-auth:21.0.1] AndroidManifest.xml:37:27-75
141
142                <data
142-->[com.google.firebase:firebase-auth:21.0.1] AndroidManifest.xml:39:17-42:51
143                    android:host="firebase.auth"
143-->[com.google.firebase:firebase-auth:21.0.1] AndroidManifest.xml:40:21-49
144                    android:path="/"
144-->[com.google.firebase:firebase-auth:21.0.1] AndroidManifest.xml:41:21-37
145                    android:scheme="recaptcha" />
145-->[com.google.firebase:firebase-auth:21.0.1] AndroidManifest.xml:42:21-48
146            </intent-filter>
147        </activity>
148
149        <service
149-->[com.google.firebase:firebase-auth:21.0.1] AndroidManifest.xml:64:9-73:19
150            android:name="com.google.firebase.auth.api.fallback.service.FirebaseAuthFallbackService"
150-->[com.google.firebase:firebase-auth:21.0.1] AndroidManifest.xml:65:13-101
151            android:enabled="true"
151-->[com.google.firebase:firebase-auth:21.0.1] AndroidManifest.xml:66:13-35
152            android:exported="false" >
152-->[com.google.firebase:firebase-auth:21.0.1] AndroidManifest.xml:67:13-37
153            <intent-filter>
153-->[com.google.firebase:firebase-auth:21.0.1] AndroidManifest.xml:68:13-72:29
154                <action android:name="com.google.firebase.auth.api.gms.service.START" />
154-->[com.google.firebase:firebase-auth:21.0.1] AndroidManifest.xml:69:17-89
154-->[com.google.firebase:firebase-auth:21.0.1] AndroidManifest.xml:69:25-86
155
156                <category android:name="android.intent.category.DEFAULT" />
156-->[com.google.firebase:firebase-auth:21.0.1] AndroidManifest.xml:36:17-76
156-->[com.google.firebase:firebase-auth:21.0.1] AndroidManifest.xml:36:27-73
157            </intent-filter>
158        </service>
159
160        <provider
160-->[com.google.firebase:firebase-common:20.0.0] AndroidManifest.xml:26:9-31:39
161            android:name="com.google.firebase.provider.FirebaseInitProvider"
161-->[com.google.firebase:firebase-common:20.0.0] AndroidManifest.xml:27:13-77
162            android:authorities="com.keerthan.contacttracingprototype.firebaseinitprovider"
162-->[com.google.firebase:firebase-common:20.0.0] AndroidManifest.xml:28:13-72
163            android:directBootAware="true"
163-->[com.google.firebase:firebase-common:20.0.0] AndroidManifest.xml:29:13-43
164            android:exported="false"
164-->[com.google.firebase:firebase-common:20.0.0] AndroidManifest.xml:30:13-37
165            android:initOrder="100" />
165-->[com.google.firebase:firebase-common:20.0.0] AndroidManifest.xml:31:13-36
166
167        <activity
167-->[com.google.android.gms:play-services-base:17.5.0] AndroidManifest.xml:23:9-26:75
168            android:name="com.google.android.gms.common.api.GoogleApiActivity"
168-->[com.google.android.gms:play-services-base:17.5.0] AndroidManifest.xml:24:13-79
169            android:exported="false"
169-->[com.google.android.gms:play-services-base:17.5.0] AndroidManifest.xml:25:13-37
170            android:theme="@android:style/Theme.Translucent.NoTitleBar" />
170-->[com.google.android.gms:play-services-base:17.5.0] AndroidManifest.xml:26:13-72
171
172        <receiver
172-->[com.google.android.gms:play-services-measurement:19.0.0] AndroidManifest.xml:29:9-33:20
173            android:name="com.google.android.gms.measurement.AppMeasurementReceiver"
173-->[com.google.android.gms:play-services-measurement:19.0.0] AndroidManifest.xml:30:13-85
174            android:enabled="true"
174-->[com.google.android.gms:play-services-measurement:19.0.0] AndroidManifest.xml:31:13-35
175            android:exported="false" >
175-->[com.google.android.gms:play-services-measurement:19.0.0] AndroidManifest.xml:32:13-37
176        </receiver>
177
178        <service
178-->[com.google.android.gms:play-services-measurement:19.0.0] AndroidManifest.xml:35:9-38:40
179            android:name="com.google.android.gms.measurement.AppMeasurementService"
179-->[com.google.android.gms:play-services-measurement:19.0.0] AndroidManifest.xml:36:13-84
180            android:enabled="true"
180-->[com.google.android.gms:play-services-measurement:19.0.0] AndroidManifest.xml:37:13-35
181            android:exported="false" />
181-->[com.google.android.gms:play-services-measurement:19.0.0] AndroidManifest.xml:38:13-37
182        <service
182-->[com.google.android.gms:play-services-measurement:19.0.0] AndroidManifest.xml:39:9-43:72
183            android:name="com.google.android.gms.measurement.AppMeasurementJobService"
183-->[com.google.android.gms:play-services-measurement:19.0.0] AndroidManifest.xml:40:13-87
184            android:enabled="true"
184-->[com.google.android.gms:play-services-measurement:19.0.0] AndroidManifest.xml:41:13-35
185            android:exported="false"
185-->[com.google.android.gms:play-services-measurement:19.0.0] AndroidManifest.xml:42:13-37
186            android:permission="android.permission.BIND_JOB_SERVICE" />
186-->[com.google.android.gms:play-services-measurement:19.0.0] AndroidManifest.xml:43:13-69
187
188        <meta-data
188-->[com.google.android.gms:play-services-basement:17.5.0] AndroidManifest.xml:23:9-25:69
189            android:name="com.google.android.gms.version"
189-->[com.google.android.gms:play-services-basement:17.5.0] AndroidManifest.xml:24:13-58
190            android:value="@integer/google_play_services_version" />
190-->[com.google.android.gms:play-services-basement:17.5.0] AndroidManifest.xml:25:13-66
191    </application>
192
193</manifest>